Using pre-set license
Built from '2020.3/staging' branch; Version is '2020.3.16f1 (049d6eca3c44) revision 302446'; Using compiler version '192528614'; Build Type 'Release'
OS: 'Windows 10 Enterprise; OS build 17763.1518; Version 1809; 64bit' Language: 'en' Physical Memory: 16235 MB
BatchMode: 1, IsHumanControllingUs: 0, StartBugReporterOnCrash: 0, Is64bit: 1, IsPro: 0

 COMMAND LINE ARGUMENTS:
C:\Program Files\Unity\Hub\Editor\2020.3.16f1\Editor\Unity.exe
-adb2
-batchMode
-noUpm
-name
AssetImportWorker0
-projectPath
C:/Users/jspurlin/Documents/GitHub/Scripting-for-Game-Design-Midterm/New Scene
-logFile
Logs/AssetImportWorker0.log
-srvPort
53428
Successfully changed project path to: C:/Users/jspurlin/Documents/GitHub/Scripting-for-Game-Design-Midterm/New Scene
C:/Users/jspurlin/Documents/GitHub/Scripting-for-Game-Design-Midterm/New Scene
Using Asset Import Pipeline V2.
Refreshing native plugins compatible for Editor in 31.15 ms, found 2 plugins.
Preloading 0 native plugins for Editor in 0.00 ms.
Initialize engine version: 2020.3.16f1 (049d6eca3c44)
[Subsystems] Discovering subsystems at path C:/Program Files/Unity/Hub/Editor/2020.3.16f1/Editor/Data/Resources/UnitySubsystems
[Subsystems] Discovering subsystems at path C:/Users/jspurlin/Documents/GitHub/Scripting-for-Game-Design-Midterm/New Scene/Assets
GfxDevice: creating device client; threaded=0
Direct3D:
    Version:  Direct3D 11.0 [level 11.1]
    Renderer: NVIDIA Quadro P2000 (ID=0x1cba)
    Vendor:   
    VRAM:     4018 MB
    Driver:   27.21.14.5269
Initialize mono
Mono path[0] = 'C:/Program Files/Unity/Hub/Editor/2020.3.16f1/Editor/Data/Managed'
Mono path[1] = 'C:/Program Files/Unity/Hub/Editor/2020.3.16f1/Editor/Data/MonoBleedingEdge/lib/mono/unityjit'
Mono config path = 'C:/Program Files/Unity/Hub/Editor/2020.3.16f1/Editor/Data/MonoBleedingEdge/etc'
Using monoOptions --debugger-agent=transport=dt_socket,embedding=1,server=y,suspend=n,address=127.0.0.1:56144
Begin MonoManager ReloadAssembly
Registering precompiled unity dll's ...
Register platform support module: C:/Program Files/Unity/Hub/Editor/2020.3.16f1/Editor/Data/PlaybackEngines/WindowsStandaloneSupport/UnityEditor.WindowsStandalone.Extensions.dll
Registered in 0.002450 seconds.
Native extension for WindowsStandalone target not found
Refreshing native plugins compatible for Editor in 28.73 ms, found 2 plugins.
Preloading 0 native plugins for Editor in 0.00 ms.
Mono: successfully reloaded assembly
- Completed reload, in  1.602 seconds
Domain Reload Profiling:
	ReloadAssembly (1603ms)
		BeginReloadAssembly (63ms)
			ExecutionOrderSort (0ms)
			DisableScriptedObjects (0ms)
			BackupInstance (0ms)
			ReleaseScriptingObjects (0ms)
			CreateAndSetChildDomain (1ms)
		EndReloadAssembly (405ms)
			LoadAssemblies (61ms)
			RebuildTransferFunctionScriptingTraits (0ms)
			SetupTypeCache (149ms)
			ReleaseScriptCaches (0ms)
			RebuildScriptCaches (31ms)
			SetupLoadedEditorAssemblies (150ms)
				LogAssemblyErrors (0ms)
				InitializePlatformSupportModulesInManaged (4ms)
				SetLoadedEditorAssemblies (0ms)
				RefreshPlugins (29ms)
				BeforeProcessingInitializeOnLoad (17ms)
				ProcessInitializeOnLoadAttributes (74ms)
				ProcessInitializeOnLoadMethodAttributes (26ms)
				AfterProcessingInitializeOnLoad (0ms)
				EditorAssembliesLoaded (0ms)
			ExecutionOrderSort2 (0ms)
			AwakeInstancesAfterBackupRestoration (0ms)
Platform modules already initialized, skipping
Registering precompiled user dll's ...
Registered in 0.010965 seconds.
Begin MonoManager ReloadAssembly
Native extension for WindowsStandalone target not found
Refreshing native plugins compatible for Editor in 0.30 ms, found 2 plugins.
Preloading 0 native plugins for Editor in 0.00 ms.
Mono: successfully reloaded assembly
- Completed reload, in  1.046 seconds
Domain Reload Profiling:
	ReloadAssembly (1046ms)
		BeginReloadAssembly (155ms)
			ExecutionOrderSort (0ms)
			DisableScriptedObjects (5ms)
			BackupInstance (0ms)
			ReleaseScriptingObjects (0ms)
			CreateAndSetChildDomain (18ms)
		EndReloadAssembly (833ms)
			LoadAssemblies (97ms)
			RebuildTransferFunctionScriptingTraits (0ms)
			SetupTypeCache (251ms)
			ReleaseScriptCaches (0ms)
			RebuildScriptCaches (38ms)
			SetupLoadedEditorAssemblies (374ms)
				LogAssemblyErrors (0ms)
				InitializePlatformSupportModulesInManaged (5ms)
				SetLoadedEditorAssemblies (0ms)
				RefreshPlugins (0ms)
				BeforeProcessingInitializeOnLoad (73ms)
				ProcessInitializeOnLoadAttributes (283ms)
				ProcessInitializeOnLoadMethodAttributes (5ms)
				AfterProcessingInitializeOnLoad (7ms)
				EditorAssembliesLoaded (0ms)
			ExecutionOrderSort2 (0ms)
			AwakeInstancesAfterBackupRestoration (6ms)
Platform modules already initialized, skipping
========================================================================
Worker process is ready to serve import requests
Launched and connected shader compiler UnityShaderCompiler.exe after 0.07 seconds
Refreshing native plugins compatible for Editor in 0.52 ms, found 2 plugins.
Preloading 0 native plugins for Editor in 0.00 ms.
Unloading 1507 Unused Serialized files (Serialized files now loaded: 0)
System memory in use before: 73.7 MB.
System memory in use after: 73.8 MB.

Unloading 18 unused Assets to reduce memory usage. Loaded Objects now: 1941.
Total: 3.928400 ms (FindLiveObjects: 0.218200 ms CreateObjectMapping: 0.072300 ms MarkObjects: 3.545600 ms  DeleteObjects: 0.090700 ms)

AssetImportParameters requested are different than current active one (requested -> active):
  custom:framework-win-MediaFoundation: 216162199b28c13a410421893ffa2e32 -> 
  custom:video-decoder-ogg-theora: a1e56fd34408186e4bbccfd4996cb3dc -> 
  custom:container-muxer-webm: aa71ff27fc2769a1b78a27578f13a17b -> 
  custom:container-demuxer-webm: 4f35f7cbe854078d1ac9338744f61a02 -> 
  custom:container-demuxer-ogg: 62fdf1f143b41e24485cea50d1cbac27 -> 
  custom:video-encoder-webm-vp8: eb34c28f22e8b96e1ab97ce403110664 -> 
  custom:video-decoder-webm-vp8: 9c59270c3fd7afecdb556c50c9e8de78 -> 
  custom:audio-decoder-ogg-vorbis: bf7c407c2cedff20999df2af8eb42d56 -> 
  custom:audio-encoder-webm-vorbis: bf7c407c2cedff20999df2af8eb42d56 -> 
========================================================================
Received Import Request.
  path: Assets/NastyWizard_Depth/Water
  artifactKey: Guid(c2f70e85c1154fd4a9acd35006d7fd52) Importer(815301076,1909f56bfc062723c751e8b465ee728b)
Start importing Assets/NastyWizard_Depth/Water using Guid(c2f70e85c1154fd4a9acd35006d7fd52) Importer(815301076,1909f56bfc062723c751e8b465ee728b)  -> (artifact id: 'bf3628ac34dba32571ebbd06924e1abf') in 0.011516 seconds 
  Import took 0.015804 seconds .

========================================================================
Received Import Request.
  Time since last request: 0.000385 seconds.
  path: Assets/NastyWizard_Depth/VertFog
  artifactKey: Guid(15fc4c7cf6fe494439b4c3280884cce4) Importer(815301076,1909f56bfc062723c751e8b465ee728b)
Start importing Assets/NastyWizard_Depth/VertFog using Guid(15fc4c7cf6fe494439b4c3280884cce4) Importer(815301076,1909f56bfc062723c751e8b465ee728b)  -> (artifact id: 'ead1e787b06adf7ebef298ad7fd70c31') in 0.004989 seconds 
  Import took 0.007467 seconds .

========================================================================
Received Import Request.
  Time since last request: 0.000289 seconds.
  path: Assets/_TerrainAutoUpgrade/layer_grass3d3aba195e4d26ee.terrainlayer
  artifactKey: Guid(6ed09af4166635c4ab10c07f18360e5f) Importer(815301076,1909f56bfc062723c751e8b465ee728b)
Start importing Assets/_TerrainAutoUpgrade/layer_grass3d3aba195e4d26ee.terrainlayer using Guid(6ed09af4166635c4ab10c07f18360e5f) Importer(815301076,1909f56bfc062723c751e8b465ee728b)  -> (artifact id: 'd85b8bae7244d7f487e93b7433d39005') in 0.086171 seconds 
  Import took 0.088796 seconds .

========================================================================
Received Import Request.
  Time since last request: 0.000345 seconds.
  path: Assets/_TerrainAutoUpgrade/layer_ground3d3aba195e4d26ee.terrainlayer
  artifactKey: Guid(30e9a73b3e64eb3439aef419cd02356d) Importer(815301076,1909f56bfc062723c751e8b465ee728b)
Start importing Assets/_TerrainAutoUpgrade/layer_ground3d3aba195e4d26ee.terrainlayer using Guid(30e9a73b3e64eb3439aef419cd02356d) Importer(815301076,1909f56bfc062723c751e8b465ee728b)  -> (artifact id: '46a9e0ceacf70a2439d21cd2ec155043') in 0.013176 seconds 
  Import took 0.015571 seconds .

========================================================================
Received Import Request.
  Time since last request: 4.517796 seconds.
  path: Assets/NastyWizard_Depth/Water/Editor
  artifactKey: Guid(7485b327748380d46a59e975d0c08d8f) Importer(815301076,1909f56bfc062723c751e8b465ee728b)
Start importing Assets/NastyWizard_Depth/Water/Editor using Guid(7485b327748380d46a59e975d0c08d8f) Importer(815301076,1909f56bfc062723c751e8b465ee728b)  -> (artifact id: 'a0689964a0fc570d7dac9e3bcb237268') in 0.005595 seconds 
  Import took 0.008797 seconds .

========================================================================
Received Import Request.
  Time since last request: 0.241689 seconds.
  path: Assets/NastyWizard_Depth/Water/Editor/boxIMG.png
  artifactKey: Guid(64aefdc2e1d158944bab2a92334ec430) Importer(815301076,1909f56bfc062723c751e8b465ee728b)
Start importing Assets/NastyWizard_Depth/Water/Editor/boxIMG.png using Guid(64aefdc2e1d158944bab2a92334ec430) Importer(815301076,1909f56bfc062723c751e8b465ee728b)  -> (artifact id: 'fc5ad69265dbe9f699b54e803a33210e') in 0.024333 seconds 
  Import took 0.027009 seconds .

========================================================================
Received Import Request.
  Time since last request: 0.000294 seconds.
  path: Assets/NastyWizard_Depth/Water/Editor/toggleIMG.png
  artifactKey: Guid(d127a990c0975474dbcdf0a54e91532f) Importer(815301076,1909f56bfc062723c751e8b465ee728b)
Start importing Assets/NastyWizard_Depth/Water/Editor/toggleIMG.png using Guid(d127a990c0975474dbcdf0a54e91532f) Importer(815301076,1909f56bfc062723c751e8b465ee728b)  -> (artifact id: 'b88382886a23d94174b130050f1a424d') in 0.010925 seconds 
  Import took 0.013614 seconds .

========================================================================
Received Import Request.
  Time since last request: 0.000358 seconds.
  path: Assets/NastyWizard_Depth/Water/Editor/buttonIMG.png
  artifactKey: Guid(d0fb709417fb3394ead5dc3b759ed89f) Importer(815301076,1909f56bfc062723c751e8b465ee728b)
Start importing Assets/NastyWizard_Depth/Water/Editor/buttonIMG.png using Guid(d0fb709417fb3394ead5dc3b759ed89f) Importer(815301076,1909f56bfc062723c751e8b465ee728b)  -> (artifact id: 'c0041422b5a56af8ff3901d7c8db3e43') in 0.016856 seconds 
  Import took 0.019765 seconds .

========================================================================
Received Import Request.
  Time since last request: 0.000302 seconds.
  path: Assets/NastyWizard_Depth/Water/Editor/toggleOnIMG.png
  artifactKey: Guid(8023189afcda28d44891c35b5fd7bb66) Importer(815301076,1909f56bfc062723c751e8b465ee728b)
Start importing Assets/NastyWizard_Depth/Water/Editor/toggleOnIMG.png using Guid(8023189afcda28d44891c35b5fd7bb66) Importer(815301076,1909f56bfc062723c751e8b465ee728b)  -> (artifact id: '60746b78dc32b6eb9906ac2796225c8a') in 0.014643 seconds 
  Import took 0.017343 seconds .

========================================================================
Received Import Request.
  Time since last request: 5.575868 seconds.
  path: Assets/_TerrainAutoUpgrade
  artifactKey: Guid(d583150197fa7024f993fc0249d0c5ed) Importer(815301076,1909f56bfc062723c751e8b465ee728b)
Start importing Assets/_TerrainAutoUpgrade using Guid(d583150197fa7024f993fc0249d0c5ed) Importer(815301076,1909f56bfc062723c751e8b465ee728b)  -> (artifact id: '40592f576fbfa59de98232d2148c5719') in 0.005302 seconds 
  Import took 0.007753 seconds .

========================================================================
Received Import Request.
  Time since last request: 30.752494 seconds.
  path: Assets/NastyWizard_Depth/Demo
  artifactKey: Guid(963297852f5ac6a409c4a08148dfd385) Importer(815301076,1909f56bfc062723c751e8b465ee728b)
Start importing Assets/NastyWizard_Depth/Demo using Guid(963297852f5ac6a409c4a08148dfd385) Importer(815301076,1909f56bfc062723c751e8b465ee728b)  -> (artifact id: 'f2cf222f819d1af0277ba21d93bd324e') in 0.006304 seconds 
  Import took 0.008816 seconds .

========================================================================
Received Import Request.
  Time since last request: 0.054887 seconds.
  path: Assets/NastyWizard_Depth/Demo/38co6.png
  artifactKey: Guid(094fc4bc08308d344b22955ce2ff1ce0) Importer(815301076,1909f56bfc062723c751e8b465ee728b)
Start importing Assets/NastyWizard_Depth/Demo/38co6.png using Guid(094fc4bc08308d344b22955ce2ff1ce0) Importer(815301076,1909f56bfc062723c751e8b465ee728b)  -> (artifact id: '09b4980b295b0bb9576d210d6116009b') in 0.014079 seconds 
  Import took 0.016592 seconds .

========================================================================
Received Import Request.
  Time since last request: 0.000355 seconds.
  path: Assets/NastyWizard_Depth/Demo/water-normal.jpg
  artifactKey: Guid(6ec5f14acb8ca894788ea0bb4517c171) Importer(815301076,1909f56bfc062723c751e8b465ee728b)
Start importing Assets/NastyWizard_Depth/Demo/water-normal.jpg using Guid(6ec5f14acb8ca894788ea0bb4517c171) Importer(815301076,1909f56bfc062723c751e8b465ee728b)  -> (artifact id: '2c63e1cf00a72f2c37aac879fd381e8d') in 0.018898 seconds 
  Import took 0.021305 seconds .

========================================================================
Received Import Request.
  Time since last request: 0.000374 seconds.
  path: Assets/NastyWizard_Depth/Demo/flow new.png
  artifactKey: Guid(37990b0e23ceda746ba7c5a2dcccee23) Importer(815301076,1909f56bfc062723c751e8b465ee728b)
Start importing Assets/NastyWizard_Depth/Demo/flow new.png using Guid(37990b0e23ceda746ba7c5a2dcccee23) Importer(815301076,1909f56bfc062723c751e8b465ee728b)  -> (artifact id: '0db34d336fb5aff2a222c509e9f92289') in 0.022810 seconds 
  Import took 0.025442 seconds .

========================================================================
Received Import Request.
  Time since last request: 0.000332 seconds.
  path: Assets/NastyWizard_Depth/Demo/New Material.mat
  artifactKey: Guid(a3ba168dfb34d924fbffcdef747e7bb4) Importer(815301076,1909f56bfc062723c751e8b465ee728b)
Start importing Assets/NastyWizard_Depth/Demo/New Material.mat using Guid(a3ba168dfb34d924fbffcdef747e7bb4) Importer(815301076,1909f56bfc062723c751e8b465ee728b)  -> (artifact id: '47e29d0afc797676e1f910c917775ece') in 0.197685 seconds 
  Import took 0.200184 seconds .

========================================================================
Received Import Request.
  Time since last request: 0.000316 seconds.
  path: Assets/NastyWizard_Depth/Demo/flow new.png
  artifactKey: Guid(37990b0e23ceda746ba7c5a2dcccee23) Importer(815301076,1909f56bfc062723c751e8b465ee728b)
Start importing Assets/NastyWizard_Depth/Demo/flow new.png using Guid(37990b0e23ceda746ba7c5a2dcccee23) Importer(815301076,1909f56bfc062723c751e8b465ee728b)  -> (artifact id: '0db34d336fb5aff2a222c509e9f92289') in 0.010536 seconds 
  Import took 0.012988 seconds .

========================================================================
Received Import Request.
  Time since last request: 0.000347 seconds.
  path: Assets/NastyWizard_Depth/Demo/noise-good.png
  artifactKey: Guid(d02c2e247bed7a246a40032119c98f3f) Importer(815301076,1909f56bfc062723c751e8b465ee728b)
Start importing Assets/NastyWizard_Depth/Demo/noise-good.png using Guid(d02c2e247bed7a246a40032119c98f3f) Importer(815301076,1909f56bfc062723c751e8b465ee728b)  -> (artifact id: 'ebd71f1f101a88c85909c660565ecee7') in 0.014862 seconds 
  Import took 0.017329 seconds .

========================================================================
Received Import Request.
  Time since last request: 0.000346 seconds.
  path: Assets/NastyWizard_Depth/Demo/4141-normal.jpg
  artifactKey: Guid(7fb06e20553ecdb4a83ab8f2e970b377) Importer(815301076,1909f56bfc062723c751e8b465ee728b)
Start importing Assets/NastyWizard_Depth/Demo/4141-normal.jpg using Guid(7fb06e20553ecdb4a83ab8f2e970b377) Importer(815301076,1909f56bfc062723c751e8b465ee728b)  -> (artifact id: '1c1f397ddc07e30bddf89fca2b740b11') in 0.012346 seconds 
  Import took 0.014816 seconds .

========================================================================
Received Import Request.
  Time since last request: 0.000352 seconds.
  path: Assets/NastyWizard_Depth/Demo/WaterCartoon.mat
  artifactKey: Guid(898f7f0a052a7b14c833cda985814216) Importer(815301076,1909f56bfc062723c751e8b465ee728b)
Start importing Assets/NastyWizard_Depth/Demo/WaterCartoon.mat using Guid(898f7f0a052a7b14c833cda985814216) Importer(815301076,1909f56bfc062723c751e8b465ee728b)  -> (artifact id: 'd4468ca3144eff459a66e20751175770') in 0.014562 seconds 
  Import took 0.017122 seconds .

========================================================================
Received Import Request.
  Time since last request: 0.000359 seconds.
  path: Assets/NastyWizard_Depth/Demo/Distortion.mat
  artifactKey: Guid(c161bcc1ec45a1744988798135307dc9) Importer(815301076,1909f56bfc062723c751e8b465ee728b)
Start importing Assets/NastyWizard_Depth/Demo/Distortion.mat using Guid(c161bcc1ec45a1744988798135307dc9) Importer(815301076,1909f56bfc062723c751e8b465ee728b)  -> (artifact id: '6a1e0baa9fd0cdcadd63f2b3b3696cd6') in 0.013721 seconds 
  Import took 0.016226 seconds .

========================================================================
Received Import Request.
  Time since last request: 0.000345 seconds.
  path: Assets/NastyWizard_Depth/Demo/New Terrain 1.asset
  artifactKey: Guid(b4956bbd378f6184aa179a30c2d37115) Importer(815301076,1909f56bfc062723c751e8b465ee728b)
Start importing Assets/NastyWizard_Depth/Demo/New Terrain 1.asset using Guid(b4956bbd378f6184aa179a30c2d37115) Importer(815301076,1909f56bfc062723c751e8b465ee728b)  -> (artifact id: '53b067ed5833256c533a5073eaf547ea') in 0.138811 seconds 
  Import took 0.141392 seconds .

========================================================================
Received Import Request.
  Time since last request: 0.000345 seconds.
  path: Assets/NastyWizard_Depth/Demo/grass.png
  artifactKey: Guid(b804c97fb42d461478658e3bd288fd44) Importer(815301076,1909f56bfc062723c751e8b465ee728b)
Start importing Assets/NastyWizard_Depth/Demo/grass.png using Guid(b804c97fb42d461478658e3bd288fd44) Importer(815301076,1909f56bfc062723c751e8b465ee728b)  -> (artifact id: 'a725dab5981f0f02629050c04a6eadb1') in 0.020778 seconds 
  Import took 0.023140 seconds .

========================================================================
Received Import Request.
  Time since last request: 0.000322 seconds.
  path: Assets/NastyWizard_Depth/Demo/WaterAdv.mat
  artifactKey: Guid(76f93c59172983e4abf3afa9e42f1300) Importer(815301076,1909f56bfc062723c751e8b465ee728b)
Start importing Assets/NastyWizard_Depth/Demo/WaterAdv.mat using Guid(76f93c59172983e4abf3afa9e42f1300) Importer(815301076,1909f56bfc062723c751e8b465ee728b)  -> (artifact id: '055d10fb7f8cc6f2f111c2b4f3bbefe8') in 0.187387 seconds 
  Import took 0.189768 seconds .

========================================================================
Received Import Request.
  Time since last request: 0.000348 seconds.
  path: Assets/NastyWizard_Depth/Demo/WaterDemoPost.asset
  artifactKey: Guid(cdee19b9f9c4807448d3e8bbbdfbc3b5) Importer(815301076,1909f56bfc062723c751e8b465ee728b)
Start importing Assets/NastyWizard_Depth/Demo/WaterDemoPost.asset using Guid(cdee19b9f9c4807448d3e8bbbdfbc3b5) Importer(815301076,1909f56bfc062723c751e8b465ee728b)  -> (artifact id: '5188532908985d8910ab7c21223e55e2') in 0.015358 seconds 
  Import took 0.018185 seconds .

========================================================================
Received Import Request.
  Time since last request: 0.000429 seconds.
  path: Assets/NastyWizard_Depth/Demo/ground.png
  artifactKey: Guid(d9bc043a3196e3745bab95b2fd25d741) Importer(815301076,1909f56bfc062723c751e8b465ee728b)
Start importing Assets/NastyWizard_Depth/Demo/ground.png using Guid(d9bc043a3196e3745bab95b2fd25d741) Importer(815301076,1909f56bfc062723c751e8b465ee728b)  -> (artifact id: '7feed516227829519375e63e8ff0abe8') in 0.012967 seconds 
  Import took 0.016528 seconds .

========================================================================
Received Import Request.
  Time since last request: 0.000347 seconds.
  path: Assets/NastyWizard_Depth/Demo/GBlur.mat
  artifactKey: Guid(e8a23d800f044ac42a7b3949bb41cca5) Importer(815301076,1909f56bfc062723c751e8b465ee728b)
Start importing Assets/NastyWizard_Depth/Demo/GBlur.mat using Guid(e8a23d800f044ac42a7b3949bb41cca5) Importer(815301076,1909f56bfc062723c751e8b465ee728b)  -> (artifact id: '575107beec4e17c468dca511b95b949b') in 0.015591 seconds 
  Import took 0.018486 seconds .

========================================================================
Received Import Request.
  Time since last request: 0.000368 seconds.
  path: Assets/NastyWizard_Depth/Demo/flowmap_thumb2.png
  artifactKey: Guid(4e391d5e074bade429e3f68055ff40ed) Importer(815301076,1909f56bfc062723c751e8b465ee728b)
Start importing Assets/NastyWizard_Depth/Demo/flowmap_thumb2.png using Guid(4e391d5e074bade429e3f68055ff40ed) Importer(815301076,1909f56bfc062723c751e8b465ee728b)  -> (artifact id: '31c5e4fb4422db7e5efcd98990631f8f') in 0.014929 seconds 
  Import took 0.017560 seconds .

========================================================================
Received Import Request.
  Time since last request: 3.632765 seconds.
  path: Assets/NastyWizard_Depth/Demo/demo_Depth.unity
  artifactKey: Guid(229692a1dedc38c41b3897dbaeb24198) Importer(815301076,1909f56bfc062723c751e8b465ee728b)
Start importing Assets/NastyWizard_Depth/Demo/demo_Depth.unity using Guid(229692a1dedc38c41b3897dbaeb24198) Importer(815301076,1909f56bfc062723c751e8b465ee728b)  -> (artifact id: 'fefbd2aad986e0530f2834faaa921562') in 0.007258 seconds 
  Import took 0.009791 seconds .

========================================================================
Received Import Request.
  Time since last request: 35.032622 seconds.
  path: Assets/NastyWizard_Depth/Demo/PostProcessing/Utilities/CustomMotionTexture/Models/WheelMovecs.FBX
  artifactKey: Guid(c4abfbff3b9d442f4b435849d2d2124c) Importer(815301076,1909f56bfc062723c751e8b465ee728b)
Start importing Assets/NastyWizard_Depth/Demo/PostProcessing/Utilities/CustomMotionTexture/Models/WheelMovecs.FBX using Guid(c4abfbff3b9d442f4b435849d2d2124c) Importer(815301076,1909f56bfc062723c751e8b465ee728b)  -> (artifact id: '9dcf89cd4041234baa61a7ede64f5f73') in 0.140379 seconds 
  Import took 0.150548 seconds .

========================================================================
Received Import Request.
  Time since last request: 0.405421 seconds.
  path: Assets/NastyWizard_Depth/Demo/PostProcessing/Utilities/CustomMotionTexture/Materials/DebugMotionVectors.mat
  artifactKey: Guid(d7daeefbca4f14360bac0e1df1bdacd4) Importer(815301076,1909f56bfc062723c751e8b465ee728b)
Start importing Assets/NastyWizard_Depth/Demo/PostProcessing/Utilities/CustomMotionTexture/Materials/DebugMotionVectors.mat using Guid(d7daeefbca4f14360bac0e1df1bdacd4) Importer(815301076,1909f56bfc062723c751e8b465ee728b)  -> (artifact id: '1d030551e173d5ffe18bd295c1b88afb') in 0.069580 seconds 
  Import took 0.092508 seconds .

========================================================================
Received Import Request.
  Time since last request: 0.000525 seconds.
  path: Assets/NastyWizard_Depth/Demo/PostProcessing/Utilities/CustomMotionTexture/Materials/WheelMotionVectors.mat
  artifactKey: Guid(055f7217f136349d9b68e82b9e987dae) Importer(815301076,1909f56bfc062723c751e8b465ee728b)
Start importing Assets/NastyWizard_Depth/Demo/PostProcessing/Utilities/CustomMotionTexture/Materials/WheelMotionVectors.mat using Guid(055f7217f136349d9b68e82b9e987dae) Importer(815301076,1909f56bfc062723c751e8b465ee728b)  -> (artifact id: 'e5373d84c0236ce062222e87782dfbc0') in 0.038217 seconds 
  Import took 0.049891 seconds .

========================================================================
Received Import Request.
  Time since last request: 0.001309 seconds.
  path: Assets/NastyWizard_Depth/Demo/PostProcessing/Utilities/CustomMotionTexture/Materials/DebugQuad.mat
  artifactKey: Guid(3c40c8fdc50a841579d7cb15882ac9d9) Importer(815301076,1909f56bfc062723c751e8b465ee728b)
Start importing Assets/NastyWizard_Depth/Demo/PostProcessing/Utilities/CustomMotionTexture/Materials/DebugQuad.mat using Guid(3c40c8fdc50a841579d7cb15882ac9d9) Importer(815301076,1909f56bfc062723c751e8b465ee728b)  -> (artifact id: '3c1037d25ae985cc567001aab8ae45cb') in 0.163585 seconds 
  Import took 0.187912 seconds .

========================================================================
Received Import Request.
  Time since last request: 0.000574 seconds.
  path: Assets/NastyWizard_Depth/Demo/PostProcessing/Utilities/CustomMotionTexture/Materials/UVChecker.mat
  artifactKey: Guid(944463113244f4bf8b05c1757cd838a4) Importer(815301076,1909f56bfc062723c751e8b465ee728b)
Start importing Assets/NastyWizard_Depth/Demo/PostProcessing/Utilities/CustomMotionTexture/Materials/UVChecker.mat using Guid(944463113244f4bf8b05c1757cd838a4) Importer(815301076,1909f56bfc062723c751e8b465ee728b)  -> (artifact id: '0102d6be45016719400e1fc0f8e5b536') in 0.077761 seconds 
  Import took 0.105584 seconds .

========================================================================
Received Import Request.
  Time since last request: 3.974913 seconds.
  path: Assets/Scenes
  artifactKey: Guid(c11862b84c80c09438272006ebc0bb54) Importer(815301076,1909f56bfc062723c751e8b465ee728b)
Start importing Assets/Scenes using Guid(c11862b84c80c09438272006ebc0bb54) Importer(815301076,1909f56bfc062723c751e8b465ee728b)  -> (artifact id: 'df01cf76e8af541f9705abc78ad62280') in 0.008292 seconds 
  Import took 0.012975 seconds .

========================================================================
Received Import Request.
  Time since last request: 1.432697 seconds.
  path: Assets/Scenes/SampleScene.unity
  artifactKey: Guid(9fc0d4010bbf28b4594072e72b8655ab) Importer(815301076,1909f56bfc062723c751e8b465ee728b)
Start importing Assets/Scenes/SampleScene.unity using Guid(9fc0d4010bbf28b4594072e72b8655ab) Importer(815301076,1909f56bfc062723c751e8b465ee728b)  -> (artifact id: '8378327aecf8605700432f1a2d1c5b5e') in 0.013937 seconds 
  Import took 0.029760 seconds .

AssetImportWorkerClient::OnTransportError - code=2 error=End of file
