Using pre-set license
Built from '2020.3/staging' branch; Version is '2020.3.17f1 (a4537701e4ab) revision 10769271'; Using compiler version '192528614'; Build Type 'Release'
OS: 'Windows 10 Enterprise; OS build 17763.1518; Version 1809; 64bit' Language: 'en' Physical Memory: 16235 MB
BatchMode: 1, IsHumanControllingUs: 0, StartBugReporterOnCrash: 0, Is64bit: 1, IsPro: 0

COMMAND LINE ARGUMENTS:
C:\Program Files\Unity\Hub\Editor\2020.3.17f1\Editor\Unity.exe
-adb2
-batchMode
-noUpm
-name
AssetImportWorker0
-projectPath
C:/Users/jspurlin/Documents/GitHub/Scripting-for-Game-Design-Midterm/Midterm Game
-logFile
Logs/AssetImportWorker0.log
-srvPort
55089
Successfully changed project path to: C:/Users/jspurlin/Documents/GitHub/Scripting-for-Game-Design-Midterm/Midterm Game
C:/Users/jspurlin/Documents/GitHub/Scripting-for-Game-Design-Midterm/Midterm Game
Using Asset Import Pipeline V2.
Refreshing native plugins compatible for Editor in 30.89 ms, found 2 plugins.
Preloading 0 native plugins for Editor in 0.00 ms.
Initialize engine version: 2020.3.17f1 (a4537701e4ab)
[Subsystems] Discovering subsystems at path C:/Program Files/Unity/Hub/Editor/2020.3.17f1/Editor/Data/Resources/UnitySubsystems
[Subsystems] Discovering subsystems at path C:/Users/jspurlin/Documents/GitHub/Scripting-for-Game-Design-Midterm/Midterm Game/Assets
GfxDevice: creating device client; threaded=0
Direct3D:
    Version:  Direct3D 11.0 [level 11.1]
    Renderer: NVIDIA Quadro P2000 (ID=0x1cba)
    Vendor:   
    VRAM:     4018 MB
    Driver:   27.21.14.5269
Initialize mono
Mono path[0] = 'C:/Program Files/Unity/Hub/Editor/2020.3.17f1/Editor/Data/Managed'
Mono path[1] = 'C:/Program Files/Unity/Hub/Editor/2020.3.17f1/Editor/Data/MonoBleedingEdge/lib/mono/unityjit'
Mono config path = 'C:/Program Files/Unity/Hub/Editor/2020.3.17f1/Editor/Data/MonoBleedingEdge/etc'
Using monoOptions --debugger-agent=transport=dt_socket,embedding=1,server=y,suspend=n,address=127.0.0.1:56184
Begin MonoManager ReloadAssembly
Registering precompiled unity dll's ...
Register platform support module: C:/Program Files/Unity/Hub/Editor/2020.3.17f1/Editor/Data/PlaybackEngines/WindowsStandaloneSupport/UnityEditor.WindowsStandalone.Extensions.dll
Registered in 0.002585 seconds.
Native extension for WindowsStandalone target not found
Refreshing native plugins compatible for Editor in 29.26 ms, found 2 plugins.
Preloading 0 native plugins for Editor in 0.00 ms.
Mono: successfully reloaded assembly
- Completed reload, in  1.593 seconds
Domain Reload Profiling:
	ReloadAssembly (1593ms)
		BeginReloadAssembly (66ms)
			ExecutionOrderSort (0ms)
			DisableScriptedObjects (0ms)
			BackupInstance (0ms)
			ReleaseScriptingObjects (0ms)
			CreateAndSetChildDomain (1ms)
		EndReloadAssembly (383ms)
			LoadAssemblies (63ms)
			RebuildTransferFunctionScriptingTraits (0ms)
			SetupTypeCache (138ms)
			ReleaseScriptCaches (0ms)
			RebuildScriptCaches (28ms)
			SetupLoadedEditorAssemblies (147ms)
				LogAssemblyErrors (0ms)
				InitializePlatformSupportModulesInManaged (4ms)
				SetLoadedEditorAssemblies (0ms)
				RefreshPlugins (29ms)
				BeforeProcessingInitializeOnLoad (15ms)
				ProcessInitializeOnLoadAttributes (72ms)
				ProcessInitializeOnLoadMethodAttributes (26ms)
				AfterProcessingInitializeOnLoad (0ms)
				EditorAssembliesLoaded (0ms)
			ExecutionOrderSort2 (0ms)
			AwakeInstancesAfterBackupRestoration (0ms)
Platform modules already initialized, skipping
Registering precompiled user dll's ...
Registered in 0.009794 seconds.
Begin MonoManager ReloadAssembly
Native extension for WindowsStandalone target not found
Refreshing native plugins compatible for Editor in 0.28 ms, found 2 plugins.
Preloading 0 native plugins for Editor in 0.00 ms.
Mono: successfully reloaded assembly
- Completed reload, in  1.052 seconds
Domain Reload Profiling:
	ReloadAssembly (1053ms)
		BeginReloadAssembly (146ms)
			ExecutionOrderSort (0ms)
			DisableScriptedObjects (4ms)
			BackupInstance (0ms)
			ReleaseScriptingObjects (0ms)
			CreateAndSetChildDomain (17ms)
		EndReloadAssembly (849ms)
			LoadAssemblies (114ms)
			RebuildTransferFunctionScriptingTraits (0ms)
			SetupTypeCache (254ms)
			ReleaseScriptCaches (0ms)
			RebuildScriptCaches (36ms)
			SetupLoadedEditorAssemblies (371ms)
				LogAssemblyErrors (0ms)
				InitializePlatformSupportModulesInManaged (4ms)
				SetLoadedEditorAssemblies (0ms)
				RefreshPlugins (0ms)
				BeforeProcessingInitializeOnLoad (71ms)
				ProcessInitializeOnLoadAttributes (282ms)
				ProcessInitializeOnLoadMethodAttributes (4ms)
				AfterProcessingInitializeOnLoad (8ms)
				EditorAssembliesLoaded (0ms)
			ExecutionOrderSort2 (0ms)
			AwakeInstancesAfterBackupRestoration (6ms)
Platform modules already initialized, skipping
========================================================================
Worker process is ready to serve import requests
Launched and connected shader compiler UnityShaderCompiler.exe after 0.08 seconds
Refreshing native plugins compatible for Editor in 0.29 ms, found 2 plugins.
Preloading 0 native plugins for Editor in 0.00 ms.
Unloading 1400 Unused Serialized files (Serialized files now loaded: 0)
System memory in use before: 65.4 MB.
System memory in use after: 65.5 MB.

Unloading 18 unused Assets to reduce memory usage. Loaded Objects now: 1833.
Total: 3.030100 ms (FindLiveObjects: 0.145600 ms CreateObjectMapping: 0.039200 ms MarkObjects: 2.775900 ms  DeleteObjects: 0.068200 ms)

AssetImportParameters requested are different than current active one (requested -> active):
  custom:framework-win-MediaFoundation: 216162199b28c13a410421893ffa2e32 -> 
  custom:video-decoder-ogg-theora: a1e56fd34408186e4bbccfd4996cb3dc -> 
  custom:container-muxer-webm: aa71ff27fc2769a1b78a27578f13a17b -> 
  custom:container-demuxer-webm: 4f35f7cbe854078d1ac9338744f61a02 -> 
  custom:container-demuxer-ogg: 62fdf1f143b41e24485cea50d1cbac27 -> 
  custom:video-encoder-webm-vp8: eb34c28f22e8b96e1ab97ce403110664 -> 
  custom:video-decoder-webm-vp8: 9c59270c3fd7afecdb556c50c9e8de78 -> 
  custom:audio-decoder-ogg-vorbis: bf7c407c2cedff20999df2af8eb42d56 -> 
  custom:audio-encoder-webm-vorbis: bf7c407c2cedff20999df2af8eb42d56 -> 
========================================================================
Received Import Request.
  path: Assets/Scripts/WaterCollision.cs
  artifactKey: Guid(18b5aac2cfa9ef540ab5706adc640293) Importer(815301076,1909f56bfc062723c751e8b465ee728b)
Start importing Assets/Scripts/WaterCollision.cs using Guid(18b5aac2cfa9ef540ab5706adc640293) Importer(815301076,1909f56bfc062723c751e8b465ee728b)  -> (artifact id: 'c8b603582cda682a676f5868933b5a07') in 0.064710 seconds 
  Import took 0.067635 seconds .

========================================================================
Received Import Request.
  Time since last request: 33.242256 seconds.
  path: Assets/Scripts/MainMenu.cs
  artifactKey: Guid(ddd52a4a361e44a45891819e93fcf688) Importer(815301076,1909f56bfc062723c751e8b465ee728b)
Start importing Assets/Scripts/MainMenu.cs using Guid(ddd52a4a361e44a45891819e93fcf688) Importer(815301076,1909f56bfc062723c751e8b465ee728b)  -> (artifact id: '92140689372f0942fdbdbc4674133ec8') in 0.005310 seconds 
  Import took 0.008500 seconds .

========================================================================
Received Import Request.
  Time since last request: 0.002025 seconds.
  path: Assets/Scripts/MainMenu.cs
  artifactKey: Guid(ddd52a4a361e44a45891819e93fcf688) Importer(815301076,1909f56bfc062723c751e8b465ee728b)
Start importing Assets/Scripts/MainMenu.cs using Guid(ddd52a4a361e44a45891819e93fcf688) Importer(815301076,1909f56bfc062723c751e8b465ee728b)  -> (artifact id: '92140689372f0942fdbdbc4674133ec8') in 0.003853 seconds 
  Import took 0.006326 seconds .

========================================================================
Received Prepare
Registering precompiled user dll's ...
Registered in 0.008994 seconds.
Begin MonoManager ReloadAssembly
Native extension for WindowsStandalone target not found
Refreshing native plugins compatible for Editor in 0.30 ms, found 2 plugins.
Preloading 0 native plugins for Editor in 0.00 ms.
Mono: successfully reloaded assembly
- Completed reload, in  0.964 seconds
Domain Reload Profiling:
	ReloadAssembly (964ms)
		BeginReloadAssembly (114ms)
			ExecutionOrderSort (0ms)
			DisableScriptedObjects (4ms)
			BackupInstance (0ms)
			ReleaseScriptingObjects (0ms)
			CreateAndSetChildDomain (32ms)
		EndReloadAssembly (792ms)
			LoadAssemblies (95ms)
			RebuildTransferFunctionScriptingTraits (0ms)
			SetupTypeCache (247ms)
			ReleaseScriptCaches (1ms)
			RebuildScriptCaches (34ms)
			SetupLoadedEditorAssemblies (338ms)
				LogAssemblyErrors (0ms)
				InitializePlatformSupportModulesInManaged (5ms)
				SetLoadedEditorAssemblies (0ms)
				RefreshPlugins (0ms)
				BeforeProcessingInitializeOnLoad (67ms)
				ProcessInitializeOnLoadAttributes (256ms)
				ProcessInitializeOnLoadMethodAttributes (4ms)
				AfterProcessingInitializeOnLoad (7ms)
				EditorAssembliesLoaded (0ms)
			ExecutionOrderSort2 (0ms)
			AwakeInstancesAfterBackupRestoration (6ms)
Platform modules already initialized, skipping
Refreshing native plugins compatible for Editor in 0.35 ms, found 2 plugins.
Preloading 0 native plugins for Editor in 0.00 ms.
Unloading 1395 Unused Serialized files (Serialized files now loaded: 0)
System memory in use before: 65.3 MB.
System memory in use after: 65.4 MB.

Unloading 13 unused Assets to reduce memory usage. Loaded Objects now: 1836.
Total: 4.431400 ms (FindLiveObjects: 0.294900 ms CreateObjectMapping: 0.107900 ms MarkObjects: 4.000600 ms  DeleteObjects: 0.026400 ms)

AssetImportParameters requested are different than current active one (requested -> active):
  custom:framework-win-MediaFoundation: 216162199b28c13a410421893ffa2e32 -> 
  custom:video-decoder-ogg-theora: a1e56fd34408186e4bbccfd4996cb3dc -> 
  custom:container-muxer-webm: aa71ff27fc2769a1b78a27578f13a17b -> 
  custom:container-demuxer-webm: 4f35f7cbe854078d1ac9338744f61a02 -> 
  custom:container-demuxer-ogg: 62fdf1f143b41e24485cea50d1cbac27 -> 
  custom:video-encoder-webm-vp8: eb34c28f22e8b96e1ab97ce403110664 -> 
  custom:video-decoder-webm-vp8: 9c59270c3fd7afecdb556c50c9e8de78 -> 
  custom:audio-decoder-ogg-vorbis: bf7c407c2cedff20999df2af8eb42d56 -> 
  custom:audio-encoder-webm-vorbis: bf7c407c2cedff20999df2af8eb42d56 -> 
========================================================================
Received Import Request.
  Time since last request: 299.274377 seconds.
  path: Assets/New Folder
  artifactKey: Guid(30801348f446e354a9a996c00709f21a) Importer(815301076,1909f56bfc062723c751e8b465ee728b)
Start importing Assets/New Folder using Guid(30801348f446e354a9a996c00709f21a) Importer(815301076,1909f56bfc062723c751e8b465ee728b)  -> (artifact id: '79dc8a8f92930ab942658d99c12b0d2f') in 0.008066 seconds 
  Import took 0.010630 seconds .

========================================================================
Received Import Request.
  Time since last request: 9.431927 seconds.
  path: Assets/Sprites
  artifactKey: Guid(30801348f446e354a9a996c00709f21a) Importer(815301076,1909f56bfc062723c751e8b465ee728b)
Start importing Assets/Sprites using Guid(30801348f446e354a9a996c00709f21a) Importer(815301076,1909f56bfc062723c751e8b465ee728b)  -> (artifact id: 'a57cbbcbad0c22eb74e4ef7ae156f086') in 0.004567 seconds 
  Import took 0.006873 seconds .

========================================================================
Received Import Request.
  Time since last request: 18.212778 seconds.
  path: Assets/Sprites/Layer 3.png
  artifactKey: Guid(dce835353bf828d409a957fc741aa4f0) Importer(815301076,1909f56bfc062723c751e8b465ee728b)
Start importing Assets/Sprites/Layer 3.png using Guid(dce835353bf828d409a957fc741aa4f0) Importer(815301076,1909f56bfc062723c751e8b465ee728b)  -> (artifact id: 'ebd4cffa8cb61ad14a217e9d89f26f6e') in 0.111296 seconds 
  Import took 0.113675 seconds .

========================================================================
Received Import Request.
  Time since last request: 0.000305 seconds.
  path: Assets/Sprites/Leaves.png
  artifactKey: Guid(a15d542c265592c4294aae0734fded76) Importer(815301076,1909f56bfc062723c751e8b465ee728b)
Start importing Assets/Sprites/Leaves.png using Guid(a15d542c265592c4294aae0734fded76) Importer(815301076,1909f56bfc062723c751e8b465ee728b)  -> (artifact id: '0a1f8f3ab56da41400c86645af764291') in 0.092477 seconds 
  Import took 0.094717 seconds .

========================================================================
Received Import Request.
  Time since last request: 0.000210 seconds.
  path: Assets/Sprites/Moon.png
  artifactKey: Guid(e402f7dde9d380b49b2e484065343893) Importer(815301076,1909f56bfc062723c751e8b465ee728b)
Start importing Assets/Sprites/Moon.png using Guid(e402f7dde9d380b49b2e484065343893) Importer(815301076,1909f56bfc062723c751e8b465ee728b)  -> (artifact id: '494a954f21df44269b083101464910ca') in 0.025260 seconds 
  Import took 0.027561 seconds .

========================================================================
Received Import Request.
  Time since last request: 24.062467 seconds.
  path: Assets/Sprites/Layer 3.png
  artifactKey: Guid(dce835353bf828d409a957fc741aa4f0) Importer(815301076,1909f56bfc062723c751e8b465ee728b)
Start importing Assets/Sprites/Layer 3.png using Guid(dce835353bf828d409a957fc741aa4f0) Importer(815301076,1909f56bfc062723c751e8b465ee728b)  -> (artifact id: '900f6753143f9025d1984b317d6c0ce7') in 0.065655 seconds 
  Import took 0.068115 seconds .

========================================================================
Received Import Request.
  Time since last request: 58.006654 seconds.
  path: Assets/Sprites/Moon.png
  artifactKey: Guid(e402f7dde9d380b49b2e484065343893) Importer(815301076,1909f56bfc062723c751e8b465ee728b)
Start importing Assets/Sprites/Moon.png using Guid(e402f7dde9d380b49b2e484065343893) Importer(815301076,1909f56bfc062723c751e8b465ee728b)  -> (artifact id: '61b9a03c76ee3c85ff6bc5f6d55bc04b') in 0.035865 seconds 
  Import took 0.038449 seconds .

========================================================================
Received Import Request.
  Time since last request: 433.940895 seconds.
  path: Assets/Sprites/Start Layers
  artifactKey: Guid(7d1bb730e67e5b44e8187b88db375249) Importer(815301076,1909f56bfc062723c751e8b465ee728b)
Start importing Assets/Sprites/Start Layers using Guid(7d1bb730e67e5b44e8187b88db375249) Importer(815301076,1909f56bfc062723c751e8b465ee728b)  -> (artifact id: '7f0f94db907c957dabf77ed96e8a8afc') in 0.005984 seconds 
  Import took 0.009022 seconds .

========================================================================
Received Import Request.
  Time since last request: 0.073299 seconds.
  path: Assets/Sprites/Start Layers/Layer 3.png
  artifactKey: Guid(9c955b5194c26494ab03d2d59975d6fd) Importer(815301076,1909f56bfc062723c751e8b465ee728b)
Start importing Assets/Sprites/Start Layers/Layer 3.png using Guid(9c955b5194c26494ab03d2d59975d6fd) Importer(815301076,1909f56bfc062723c751e8b465ee728b)  -> (artifact id: '6a6726b9cf5d71c79a4c0441e98988ac') in 0.009898 seconds 
  Import took 0.012260 seconds .

========================================================================
Received Import Request.
  Time since last request: 0.000346 seconds.
  path: Assets/Sprites/Start Layers/Leaves.png
  artifactKey: Guid(5eaa12fd2bc1c974ab2c43d5cf5f1461) Importer(815301076,1909f56bfc062723c751e8b465ee728b)
Start importing Assets/Sprites/Start Layers/Leaves.png using Guid(5eaa12fd2bc1c974ab2c43d5cf5f1461) Importer(815301076,1909f56bfc062723c751e8b465ee728b)  -> (artifact id: 'fa4039da899b808d8850c891c89879d1') in 0.010535 seconds 
  Import took 0.012945 seconds .

========================================================================
Received Import Request.
  Time since last request: 0.000374 seconds.
  path: Assets/Sprites/Start Layers/Moon.png
  artifactKey: Guid(e77f092b846521348a62e221deab612f) Importer(815301076,1909f56bfc062723c751e8b465ee728b)
Start importing Assets/Sprites/Start Layers/Moon.png using Guid(e77f092b846521348a62e221deab612f) Importer(815301076,1909f56bfc062723c751e8b465ee728b)  -> (artifact id: '6a55493884e0dc3fecd8291359494aed') in 0.050304 seconds 
  Import took 0.052742 seconds .

========================================================================
Received Import Request.
  Time since last request: 0.000313 seconds.
  path: Assets/Sprites/Start Layers/Start.png
  artifactKey: Guid(18e475fe66bc2534681025943a242426) Importer(815301076,1909f56bfc062723c751e8b465ee728b)
Start importing Assets/Sprites/Start Layers/Start.png using Guid(18e475fe66bc2534681025943a242426) Importer(815301076,1909f56bfc062723c751e8b465ee728b)  -> (artifact id: 'c21f9be39bbbb4c9fe5b2fd296ece200') in 0.018014 seconds 
  Import took 0.021186 seconds .

========================================================================
Received Import Request.
  Time since last request: 0.000274 seconds.
  path: Assets/Sprites/Start Layers/THE PHANTOM .png
  artifactKey: Guid(4140d3766df15624890362520aee6943) Importer(815301076,1909f56bfc062723c751e8b465ee728b)
Start importing Assets/Sprites/Start Layers/THE PHANTOM .png using Guid(4140d3766df15624890362520aee6943) Importer(815301076,1909f56bfc062723c751e8b465ee728b)  -> (artifact id: '2058e0c83d3ac925d92afa7cf923ba53') in 0.011898 seconds 
  Import took 0.014267 seconds .

========================================================================
Received Import Request.
  Time since last request: 0.000330 seconds.
  path: Assets/Sprites/Start Layers/Quit.png
  artifactKey: Guid(30a2b708f1403e640ae5417f52584fb1) Importer(815301076,1909f56bfc062723c751e8b465ee728b)
Start importing Assets/Sprites/Start Layers/Quit.png using Guid(30a2b708f1403e640ae5417f52584fb1) Importer(815301076,1909f56bfc062723c751e8b465ee728b)  -> (artifact id: '8e04663882341ad322eaca7e7abaaee1') in 0.010921 seconds 
  Import took 0.013341 seconds .

========================================================================
Received Import Request.
  Time since last request: 120.790220 seconds.
  path: Assets/Sprites/Start Layers/THE PHANTOM .png
  artifactKey: Guid(4140d3766df15624890362520aee6943) Importer(815301076,1909f56bfc062723c751e8b465ee728b)
Start importing Assets/Sprites/Start Layers/THE PHANTOM .png using Guid(4140d3766df15624890362520aee6943) Importer(815301076,1909f56bfc062723c751e8b465ee728b)  -> (artifact id: 'a1a2b76fba3a404ea09e535ada01c25a') in 0.033943 seconds 
  Import took 0.036453 seconds .

========================================================================
Received Import Request.
  Time since last request: 39.535770 seconds.
  path: Assets/Sprites/Start Layers/Moon.png
  artifactKey: Guid(e77f092b846521348a62e221deab612f) Importer(815301076,1909f56bfc062723c751e8b465ee728b)
Start importing Assets/Sprites/Start Layers/Moon.png using Guid(e77f092b846521348a62e221deab612f) Importer(815301076,1909f56bfc062723c751e8b465ee728b)  -> (artifact id: 'f23f29a3424fe29d3e06d706cc569467') in 0.025656 seconds 
  Import took 0.028111 seconds .

========================================================================
Received Import Request.
  Time since last request: 59.535890 seconds.
  path: Assets/Sprites/Start Layers/Leaves.png
  artifactKey: Guid(5eaa12fd2bc1c974ab2c43d5cf5f1461) Importer(815301076,1909f56bfc062723c751e8b465ee728b)
Start importing Assets/Sprites/Start Layers/Leaves.png using Guid(5eaa12fd2bc1c974ab2c43d5cf5f1461) Importer(815301076,1909f56bfc062723c751e8b465ee728b)  -> (artifact id: '5469effa7aa7ee0344a8e777587412cc') in 0.029590 seconds 
  Import took 0.032163 seconds .

========================================================================
Received Prepare
Registering precompiled user dll's ...
Registered in 0.009199 seconds.
Begin MonoManager ReloadAssembly
Native extension for WindowsStandalone target not found
Refreshing native plugins compatible for Editor in 0.29 ms, found 2 plugins.
Preloading 0 native plugins for Editor in 0.00 ms.
Mono: successfully reloaded assembly
- Completed reload, in  0.957 seconds
Domain Reload Profiling:
	ReloadAssembly (958ms)
		BeginReloadAssembly (109ms)
			ExecutionOrderSort (0ms)
			DisableScriptedObjects (4ms)
			BackupInstance (0ms)
			ReleaseScriptingObjects (0ms)
			CreateAndSetChildDomain (29ms)
		EndReloadAssembly (789ms)
			LoadAssemblies (94ms)
			RebuildTransferFunctionScriptingTraits (0ms)
			SetupTypeCache (252ms)
			ReleaseScriptCaches (1ms)
			RebuildScriptCaches (33ms)
			SetupLoadedEditorAssemblies (337ms)
				LogAssemblyErrors (0ms)
				InitializePlatformSupportModulesInManaged (5ms)
				SetLoadedEditorAssemblies (0ms)
				RefreshPlugins (0ms)
				BeforeProcessingInitializeOnLoad (67ms)
				ProcessInitializeOnLoadAttributes (255ms)
				ProcessInitializeOnLoadMethodAttributes (4ms)
				AfterProcessingInitializeOnLoad (7ms)
				EditorAssembliesLoaded (0ms)
			ExecutionOrderSort2 (0ms)
			AwakeInstancesAfterBackupRestoration (6ms)
Platform modules already initialized, skipping
Refreshing native plugins compatible for Editor in 0.32 ms, found 2 plugins.
Preloading 0 native plugins for Editor in 0.00 ms.
Unloading 1395 Unused Serialized files (Serialized files now loaded: 0)
System memory in use before: 68.4 MB.
System memory in use after: 68.5 MB.

Unloading 13 unused Assets to reduce memory usage. Loaded Objects now: 1852.
Total: 2.505200 ms (FindLiveObjects: 0.136800 ms CreateObjectMapping: 0.040400 ms MarkObjects: 2.312600 ms  DeleteObjects: 0.014500 ms)

AssetImportParameters requested are different than current active one (requested -> active):
  custom:framework-win-MediaFoundation: 216162199b28c13a410421893ffa2e32 -> 
  custom:video-decoder-ogg-theora: a1e56fd34408186e4bbccfd4996cb3dc -> 
  custom:container-muxer-webm: aa71ff27fc2769a1b78a27578f13a17b -> 
  custom:container-demuxer-webm: 4f35f7cbe854078d1ac9338744f61a02 -> 
  custom:container-demuxer-ogg: 62fdf1f143b41e24485cea50d1cbac27 -> 
  custom:video-encoder-webm-vp8: eb34c28f22e8b96e1ab97ce403110664 -> 
  custom:video-decoder-webm-vp8: 9c59270c3fd7afecdb556c50c9e8de78 -> 
  custom:audio-decoder-ogg-vorbis: bf7c407c2cedff20999df2af8eb42d56 -> 
  custom:audio-encoder-webm-vorbis: bf7c407c2cedff20999df2af8eb42d56 -> 
========================================================================
Received Import Request.
  Time since last request: 496.394731 seconds.
  path: Assets/Fonts
  artifactKey: Guid(fa032a029dcd81f4292bf1937463b5c1) Importer(815301076,1909f56bfc062723c751e8b465ee728b)
Start importing Assets/Fonts using Guid(fa032a029dcd81f4292bf1937463b5c1) Importer(815301076,1909f56bfc062723c751e8b465ee728b)  -> (artifact id: '767be7bf690272f586283556b127388a') in 0.011488 seconds 
  Import took 0.014743 seconds .

========================================================================
Received Import Request.
  Time since last request: 10.943044 seconds.
  path: Assets/Fonts/Karasha-z8mYw.otf
  artifactKey: Guid(153d0b6cbed58344a8afc4eea4a2a399) Importer(815301076,1909f56bfc062723c751e8b465ee728b)
Start importing Assets/Fonts/Karasha-z8mYw.otf using Guid(153d0b6cbed58344a8afc4eea4a2a399) Importer(815301076,1909f56bfc062723c751e8b465ee728b)  -> (artifact id: 'df97454df6241f11c9acca1f8430f3e8') in 0.088336 seconds 
  Import took 0.090846 seconds .

========================================================================
Received Import Request.
  Time since last request: 12.175144 seconds.
  path: Assets/Fonts/NeverSettleDemo-z8dnX.ttf
  artifactKey: Guid(c6137f095a996bf489a14a18af424c3c) Importer(815301076,1909f56bfc062723c751e8b465ee728b)
Start importing Assets/Fonts/NeverSettleDemo-z8dnX.ttf using Guid(c6137f095a996bf489a14a18af424c3c) Importer(815301076,1909f56bfc062723c751e8b465ee728b)  -> (artifact id: '053b871ffbee8c82092e592d3921b4ae') in 0.017603 seconds 
  Import took 0.020191 seconds .

========================================================================
Received Prepare
Registering precompiled user dll's ...
Registered in 0.009598 seconds.
Begin MonoManager ReloadAssembly
Native extension for WindowsStandalone target not found
Refreshing native plugins compatible for Editor in 0.36 ms, found 2 plugins.
Preloading 0 native plugins for Editor in 0.00 ms.
Mono: successfully reloaded assembly
- Completed reload, in  1.184 seconds
Domain Reload Profiling:
	ReloadAssembly (1185ms)
		BeginReloadAssembly (130ms)
			ExecutionOrderSort (0ms)
			DisableScriptedObjects (4ms)
			BackupInstance (0ms)
			ReleaseScriptingObjects (0ms)
			CreateAndSetChildDomain (35ms)
		EndReloadAssembly (984ms)
			LoadAssemblies (117ms)
			RebuildTransferFunctionScriptingTraits (0ms)
			SetupTypeCache (283ms)
			ReleaseScriptCaches (1ms)
			RebuildScriptCaches (40ms)
			SetupLoadedEditorAssemblies (442ms)
				LogAssemblyErrors (0ms)
				InitializePlatformSupportModulesInManaged (7ms)
				SetLoadedEditorAssemblies (1ms)
				RefreshPlugins (1ms)
				BeforeProcessingInitializeOnLoad (90ms)
				ProcessInitializeOnLoadAttributes (330ms)
				ProcessInitializeOnLoadMethodAttributes (5ms)
				AfterProcessingInitializeOnLoad (9ms)
				EditorAssembliesLoaded (0ms)
			ExecutionOrderSort2 (0ms)
			AwakeInstancesAfterBackupRestoration (8ms)
Platform modules already initialized, skipping
Refreshing native plugins compatible for Editor in 0.34 ms, found 2 plugins.
Preloading 0 native plugins for Editor in 0.00 ms.
Unloading 1395 Unused Serialized files (Serialized files now loaded: 0)
System memory in use before: 68.8 MB.
System memory in use after: 68.9 MB.

Unloading 13 unused Assets to reduce memory usage. Loaded Objects now: 1895.
Total: 3.131000 ms (FindLiveObjects: 0.149700 ms CreateObjectMapping: 0.045300 ms MarkObjects: 2.916300 ms  DeleteObjects: 0.018600 ms)

AssetImportParameters requested are different than current active one (requested -> active):
  custom:framework-win-MediaFoundation: 216162199b28c13a410421893ffa2e32 -> 
  custom:video-decoder-ogg-theora: a1e56fd34408186e4bbccfd4996cb3dc -> 
  custom:container-muxer-webm: aa71ff27fc2769a1b78a27578f13a17b -> 
  custom:container-demuxer-webm: 4f35f7cbe854078d1ac9338744f61a02 -> 
  custom:container-demuxer-ogg: 62fdf1f143b41e24485cea50d1cbac27 -> 
  custom:video-encoder-webm-vp8: eb34c28f22e8b96e1ab97ce403110664 -> 
  custom:video-decoder-webm-vp8: 9c59270c3fd7afecdb556c50c9e8de78 -> 
  custom:audio-decoder-ogg-vorbis: bf7c407c2cedff20999df2af8eb42d56 -> 
  custom:audio-encoder-webm-vorbis: bf7c407c2cedff20999df2af8eb42d56 -> 
========================================================================
Received Prepare
Registering precompiled user dll's ...
Registered in 0.009814 seconds.
Begin MonoManager ReloadAssembly
Native extension for WindowsStandalone target not found
Refreshing native plugins compatible for Editor in 0.29 ms, found 2 plugins.
Preloading 0 native plugins for Editor in 0.00 ms.
Mono: successfully reloaded assembly
- Completed reload, in  0.974 seconds
Domain Reload Profiling:
	ReloadAssembly (975ms)
		BeginReloadAssembly (107ms)
			ExecutionOrderSort (0ms)
			DisableScriptedObjects (5ms)
			BackupInstance (0ms)
			ReleaseScriptingObjects (0ms)
			CreateAndSetChildDomain (29ms)
		EndReloadAssembly (809ms)
			LoadAssemblies (95ms)
			RebuildTransferFunctionScriptingTraits (0ms)
			SetupTypeCache (251ms)
			ReleaseScriptCaches (1ms)
			RebuildScriptCaches (35ms)
			SetupLoadedEditorAssemblies (347ms)
				LogAssemblyErrors (0ms)
				InitializePlatformSupportModulesInManaged (5ms)
				SetLoadedEditorAssemblies (0ms)
				RefreshPlugins (0ms)
				BeforeProcessingInitializeOnLoad (69ms)
				ProcessInitializeOnLoadAttributes (261ms)
				ProcessInitializeOnLoadMethodAttributes (5ms)
				AfterProcessingInitializeOnLoad (7ms)
				EditorAssembliesLoaded (0ms)
			ExecutionOrderSort2 (0ms)
			AwakeInstancesAfterBackupRestoration (6ms)
Platform modules already initialized, skipping
Refreshing native plugins compatible for Editor in 0.29 ms, found 2 plugins.
Preloading 0 native plugins for Editor in 0.00 ms.
Unloading 1395 Unused Serialized files (Serialized files now loaded: 0)
System memory in use before: 68.8 MB.
System memory in use after: 68.9 MB.

Unloading 13 unused Assets to reduce memory usage. Loaded Objects now: 1897.
Total: 2.828100 ms (FindLiveObjects: 0.148000 ms CreateObjectMapping: 0.040400 ms MarkObjects: 2.623000 ms  DeleteObjects: 0.016000 ms)

AssetImportParameters requested are different than current active one (requested -> active):
  custom:framework-win-MediaFoundation: 216162199b28c13a410421893ffa2e32 -> 
  custom:video-decoder-ogg-theora: a1e56fd34408186e4bbccfd4996cb3dc -> 
  custom:container-muxer-webm: aa71ff27fc2769a1b78a27578f13a17b -> 
  custom:container-demuxer-webm: 4f35f7cbe854078d1ac9338744f61a02 -> 
  custom:container-demuxer-ogg: 62fdf1f143b41e24485cea50d1cbac27 -> 
  custom:video-encoder-webm-vp8: eb34c28f22e8b96e1ab97ce403110664 -> 
  custom:video-decoder-webm-vp8: 9c59270c3fd7afecdb556c50c9e8de78 -> 
  custom:audio-decoder-ogg-vorbis: bf7c407c2cedff20999df2af8eb42d56 -> 
  custom:audio-encoder-webm-vorbis: bf7c407c2cedff20999df2af8eb42d56 -> 
========================================================================
Received Import Request.
  Time since last request: 1646.247004 seconds.
  path: Assets/Scenes/Main Menu.unity
  artifactKey: Guid(9e2d91369b6c36b4984dc4fb78a25b14) Importer(815301076,1909f56bfc062723c751e8b465ee728b)
Start importing Assets/Scenes/Main Menu.unity using Guid(9e2d91369b6c36b4984dc4fb78a25b14) Importer(815301076,1909f56bfc062723c751e8b465ee728b)  -> (artifact id: '1f74bb73a56121695b1b600b4a44ed36') in 0.013147 seconds 
  Import took 0.015503 seconds .

========================================================================
Received Prepare
Registering precompiled user dll's ...
Registered in 0.009334 seconds.
Begin MonoManager ReloadAssembly
Native extension for WindowsStandalone target not found
Refreshing native plugins compatible for Editor in 0.28 ms, found 2 plugins.
Preloading 0 native plugins for Editor in 0.00 ms.
Mono: successfully reloaded assembly
- Completed reload, in  0.945 seconds
Domain Reload Profiling:
	ReloadAssembly (945ms)
		BeginReloadAssembly (107ms)
			ExecutionOrderSort (0ms)
			DisableScriptedObjects (4ms)
			BackupInstance (0ms)
			ReleaseScriptingObjects (0ms)
			CreateAndSetChildDomain (29ms)
		EndReloadAssembly (782ms)
			LoadAssemblies (93ms)
			RebuildTransferFunctionScriptingTraits (0ms)
			SetupTypeCache (233ms)
			ReleaseScriptCaches (1ms)
			RebuildScriptCaches (32ms)
			SetupLoadedEditorAssemblies (346ms)
				LogAssemblyErrors (0ms)
				InitializePlatformSupportModulesInManaged (4ms)
				SetLoadedEditorAssemblies (0ms)
				RefreshPlugins (0ms)
				BeforeProcessingInitializeOnLoad (68ms)
				ProcessInitializeOnLoadAttributes (263ms)
				ProcessInitializeOnLoadMethodAttributes (4ms)
				AfterProcessingInitializeOnLoad (7ms)
				EditorAssembliesLoaded (0ms)
			ExecutionOrderSort2 (0ms)
			AwakeInstancesAfterBackupRestoration (6ms)
Platform modules already initialized, skipping
Refreshing native plugins compatible for Editor in 0.29 ms, found 2 plugins.
Preloading 0 native plugins for Editor in 0.00 ms.
Unloading 1395 Unused Serialized files (Serialized files now loaded: 0)
System memory in use before: 68.8 MB.
System memory in use after: 68.9 MB.

Unloading 13 unused Assets to reduce memory usage. Loaded Objects now: 1899.
Total: 2.759500 ms (FindLiveObjects: 0.144700 ms CreateObjectMapping: 0.037300 ms MarkObjects: 2.561800 ms  DeleteObjects: 0.014900 ms)

AssetImportParameters requested are different than current active one (requested -> active):
  custom:framework-win-MediaFoundation: 216162199b28c13a410421893ffa2e32 -> 
  custom:video-decoder-ogg-theora: a1e56fd34408186e4bbccfd4996cb3dc -> 
  custom:container-muxer-webm: aa71ff27fc2769a1b78a27578f13a17b -> 
  custom:container-demuxer-webm: 4f35f7cbe854078d1ac9338744f61a02 -> 
  custom:container-demuxer-ogg: 62fdf1f143b41e24485cea50d1cbac27 -> 
  custom:video-encoder-webm-vp8: eb34c28f22e8b96e1ab97ce403110664 -> 
  custom:video-decoder-webm-vp8: 9c59270c3fd7afecdb556c50c9e8de78 -> 
  custom:audio-decoder-ogg-vorbis: bf7c407c2cedff20999df2af8eb42d56 -> 
  custom:audio-encoder-webm-vorbis: bf7c407c2cedff20999df2af8eb42d56 -> 
========================================================================
Received Import Request.
  Time since last request: 67.894257 seconds.
  path: Assets/Scenes/End Screen.unity
  artifactKey: Guid(ff7ff6db5f3552e4e913023746fa159b) Importer(815301076,1909f56bfc062723c751e8b465ee728b)
Start importing Assets/Scenes/End Screen.unity using Guid(ff7ff6db5f3552e4e913023746fa159b) Importer(815301076,1909f56bfc062723c751e8b465ee728b)  -> (artifact id: '70aa1d39ce7b25a9eec4ad7b9a2bcc2b') in 0.012373 seconds 
  Import took 0.014788 seconds .

========================================================================
Received Import Request.
  Time since last request: 207.169032 seconds.
  path: Assets/Sprites/Start Layers/Level Completed .png
  artifactKey: Guid(2d2426de346e4f044875fd764cb38cf8) Importer(815301076,1909f56bfc062723c751e8b465ee728b)
Start importing Assets/Sprites/Start Layers/Level Completed .png using Guid(2d2426de346e4f044875fd764cb38cf8) Importer(815301076,1909f56bfc062723c751e8b465ee728b)  -> (artifact id: '98916344d8b957279cfba980141fc6de') in 0.028825 seconds 
  Import took 0.031613 seconds .

========================================================================
Received Import Request.
  Time since last request: 0.000352 seconds.
  path: Assets/Sprites/Start Layers/You Died.....png
  artifactKey: Guid(f5dcd0a4c6e48584db682aeda1f584ff) Importer(815301076,1909f56bfc062723c751e8b465ee728b)
Start importing Assets/Sprites/Start Layers/You Died.....png using Guid(f5dcd0a4c6e48584db682aeda1f584ff) Importer(815301076,1909f56bfc062723c751e8b465ee728b)  -> (artifact id: 'c8833caaeb731e0824af06138e81f358') in 0.013995 seconds 
  Import took 0.016517 seconds .

========================================================================
Received Import Request.
  Time since last request: 0.000308 seconds.
  path: Assets/Sprites/Start Layers/Try Again.png
  artifactKey: Guid(303f1127f9352b945b47c9d12dafa75b) Importer(815301076,1909f56bfc062723c751e8b465ee728b)
Start importing Assets/Sprites/Start Layers/Try Again.png using Guid(303f1127f9352b945b47c9d12dafa75b) Importer(815301076,1909f56bfc062723c751e8b465ee728b)  -> (artifact id: 'ae9a85c6ae691353dfe078ea49ff5cb1') in 0.011080 seconds 
  Import took 0.013446 seconds .

========================================================================
Received Import Request.
  Time since last request: 124.301979 seconds.
  path: Assets/Scenes/End Screen.unity
  artifactKey: Guid(ff7ff6db5f3552e4e913023746fa159b) Importer(815301076,1909f56bfc062723c751e8b465ee728b)
Start importing Assets/Scenes/End Screen.unity using Guid(ff7ff6db5f3552e4e913023746fa159b) Importer(815301076,1909f56bfc062723c751e8b465ee728b)  -> (artifact id: '59ab4f0811a3ebfb2dd0009d8e201a4f') in 0.005440 seconds 
  Import took 0.008368 seconds .

========================================================================
Received Import Request.
  Time since last request: 33.953975 seconds.
  path: Assets/Sprites/Start Layers/Level Completed .png
  artifactKey: Guid(2d2426de346e4f044875fd764cb38cf8) Importer(815301076,1909f56bfc062723c751e8b465ee728b)
Start importing Assets/Sprites/Start Layers/Level Completed .png using Guid(2d2426de346e4f044875fd764cb38cf8) Importer(815301076,1909f56bfc062723c751e8b465ee728b)  -> (artifact id: '6188d18828476eceb4d0be0e9a6d8f04') in 0.029270 seconds 
  Import took 0.031743 seconds .

========================================================================
Received Prepare
Registering precompiled user dll's ...
Registered in 0.009635 seconds.
Begin MonoManager ReloadAssembly
Native extension for WindowsStandalone target not found
Refreshing native plugins compatible for Editor in 0.34 ms, found 2 plugins.
Preloading 0 native plugins for Editor in 0.00 ms.
Mono: successfully reloaded assembly
- Completed reload, in  0.940 seconds
Domain Reload Profiling:
	ReloadAssembly (941ms)
		BeginReloadAssembly (104ms)
			ExecutionOrderSort (0ms)
			DisableScriptedObjects (4ms)
			BackupInstance (0ms)
			ReleaseScriptingObjects (0ms)
			CreateAndSetChildDomain (27ms)
		EndReloadAssembly (781ms)
			LoadAssemblies (93ms)
			RebuildTransferFunctionScriptingTraits (0ms)
			SetupTypeCache (237ms)
			ReleaseScriptCaches (1ms)
			RebuildScriptCaches (34ms)
			SetupLoadedEditorAssemblies (342ms)
				LogAssemblyErrors (0ms)
				InitializePlatformSupportModulesInManaged (5ms)
				SetLoadedEditorAssemblies (0ms)
				RefreshPlugins (0ms)
				BeforeProcessingInitializeOnLoad (66ms)
				ProcessInitializeOnLoadAttributes (261ms)
				ProcessInitializeOnLoadMethodAttributes (4ms)
				AfterProcessingInitializeOnLoad (7ms)
				EditorAssembliesLoaded (0ms)
			ExecutionOrderSort2 (0ms)
			AwakeInstancesAfterBackupRestoration (6ms)
Platform modules already initialized, skipping
Refreshing native plugins compatible for Editor in 0.30 ms, found 2 plugins.
Preloading 0 native plugins for Editor in 0.00 ms.
Unloading 1395 Unused Serialized files (Serialized files now loaded: 0)
System memory in use before: 68.8 MB.
System memory in use after: 68.9 MB.

Unloading 13 unused Assets to reduce memory usage. Loaded Objects now: 1905.
Total: 2.813200 ms (FindLiveObjects: 0.151900 ms CreateObjectMapping: 0.037900 ms MarkObjects: 2.606900 ms  DeleteObjects: 0.015700 ms)

AssetImportParameters requested are different than current active one (requested -> active):
  custom:framework-win-MediaFoundation: 216162199b28c13a410421893ffa2e32 -> 
  custom:video-decoder-ogg-theora: a1e56fd34408186e4bbccfd4996cb3dc -> 
  custom:container-muxer-webm: aa71ff27fc2769a1b78a27578f13a17b -> 
  custom:container-demuxer-webm: 4f35f7cbe854078d1ac9338744f61a02 -> 
  custom:container-demuxer-ogg: 62fdf1f143b41e24485cea50d1cbac27 -> 
  custom:video-encoder-webm-vp8: eb34c28f22e8b96e1ab97ce403110664 -> 
  custom:video-decoder-webm-vp8: 9c59270c3fd7afecdb556c50c9e8de78 -> 
  custom:audio-decoder-ogg-vorbis: bf7c407c2cedff20999df2af8eb42d56 -> 
  custom:audio-encoder-webm-vorbis: bf7c407c2cedff20999df2af8eb42d56 -> 
========================================================================
Received Import Request.
  Time since last request: 188.707296 seconds.
  path: Assets/Scenes/Level completed.unity
  artifactKey: Guid(ff7ff6db5f3552e4e913023746fa159b) Importer(815301076,1909f56bfc062723c751e8b465ee728b)
Start importing Assets/Scenes/Level completed.unity using Guid(ff7ff6db5f3552e4e913023746fa159b) Importer(815301076,1909f56bfc062723c751e8b465ee728b)  -> (artifact id: '9432a754454ed57fd29c3fd795a7f210') in 0.014532 seconds 
  Import took 0.016967 seconds .

========================================================================
Received Import Request.
  Time since last request: 26.476434 seconds.
  path: Assets/Scenes/You Died.unity
  artifactKey: Guid(0e946916a111e204f84947e3e3ea4610) Importer(815301076,1909f56bfc062723c751e8b465ee728b)
Start importing Assets/Scenes/You Died.unity using Guid(0e946916a111e204f84947e3e3ea4610) Importer(815301076,1909f56bfc062723c751e8b465ee728b)  -> (artifact id: '1e09e3ab7e730e5c7457111d2166187d') in 0.004672 seconds 
  Import took 0.006984 seconds .

========================================================================
Received Import Request.
  Time since last request: 37.838902 seconds.
  path: Assets/Scenes/Level completed.unity
  artifactKey: Guid(ff7ff6db5f3552e4e913023746fa159b) Importer(815301076,1909f56bfc062723c751e8b465ee728b)
Start importing Assets/Scenes/Level completed.unity using Guid(ff7ff6db5f3552e4e913023746fa159b) Importer(815301076,1909f56bfc062723c751e8b465ee728b)  -> (artifact id: 'f0cf43d9aea3d1622892e498ef87ee7a') in 0.004792 seconds 
  Import took 0.007789 seconds .

========================================================================
Received Import Request.
  Time since last request: 0.000447 seconds.
  path: Assets/Scenes/Level completed.unity
  artifactKey: Guid(ff7ff6db5f3552e4e913023746fa159b) Importer(815301076,1909f56bfc062723c751e8b465ee728b)
Start importing Assets/Scenes/Level completed.unity using Guid(ff7ff6db5f3552e4e913023746fa159b) Importer(815301076,1909f56bfc062723c751e8b465ee728b)  -> (artifact id: 'f0cf43d9aea3d1622892e498ef87ee7a') in 0.004349 seconds 
  Import took 0.007519 seconds .

========================================================================
Received Import Request.
  Time since last request: 69.054349 seconds.
  path: Assets/Sprites/Start Layers/You Died.....png
  artifactKey: Guid(f5dcd0a4c6e48584db682aeda1f584ff) Importer(815301076,1909f56bfc062723c751e8b465ee728b)
Start importing Assets/Sprites/Start Layers/You Died.....png using Guid(f5dcd0a4c6e48584db682aeda1f584ff) Importer(815301076,1909f56bfc062723c751e8b465ee728b)  -> (artifact id: 'ef7a3d39c525b736267304ef9967e11d') in 0.041950 seconds 
  Import took 0.044484 seconds .

========================================================================
Received Prepare
Registering precompiled user dll's ...
Registered in 0.009685 seconds.
Begin MonoManager ReloadAssembly
Native extension for WindowsStandalone target not found
Refreshing native plugins compatible for Editor in 0.33 ms, found 2 plugins.
Preloading 0 native plugins for Editor in 0.00 ms.
Mono: successfully reloaded assembly
- Completed reload, in  1.053 seconds
Domain Reload Profiling:
	ReloadAssembly (1054ms)
		BeginReloadAssembly (108ms)
			ExecutionOrderSort (0ms)
			DisableScriptedObjects (4ms)
			BackupInstance (0ms)
			ReleaseScriptingObjects (0ms)
			CreateAndSetChildDomain (28ms)
		EndReloadAssembly (889ms)
			LoadAssemblies (96ms)
			RebuildTransferFunctionScriptingTraits (0ms)
			SetupTypeCache (242ms)
			ReleaseScriptCaches (1ms)
			RebuildScriptCaches (38ms)
			SetupLoadedEditorAssemblies (418ms)
				LogAssemblyErrors (0ms)
				InitializePlatformSupportModulesInManaged (5ms)
				SetLoadedEditorAssemblies (1ms)
				RefreshPlugins (0ms)
				BeforeProcessingInitializeOnLoad (83ms)
				ProcessInitializeOnLoadAttributes (315ms)
				ProcessInitializeOnLoadMethodAttributes (5ms)
				AfterProcessingInitializeOnLoad (9ms)
				EditorAssembliesLoaded (0ms)
			ExecutionOrderSort2 (0ms)
			AwakeInstancesAfterBackupRestoration (8ms)
Platform modules already initialized, skipping
Refreshing native plugins compatible for Editor in 0.34 ms, found 2 plugins.
Preloading 0 native plugins for Editor in 0.00 ms.
Unloading 1395 Unused Serialized files (Serialized files now loaded: 0)
System memory in use before: 68.9 MB.
System memory in use after: 69.0 MB.

Unloading 13 unused Assets to reduce memory usage. Loaded Objects now: 1910.
Total: 3.273600 ms (FindLiveObjects: 0.162000 ms CreateObjectMapping: 0.044000 ms MarkObjects: 3.048900 ms  DeleteObjects: 0.017700 ms)

AssetImportParameters requested are different than current active one (requested -> active):
  custom:framework-win-MediaFoundation: 216162199b28c13a410421893ffa2e32 -> 
  custom:video-decoder-ogg-theora: a1e56fd34408186e4bbccfd4996cb3dc -> 
  custom:container-muxer-webm: aa71ff27fc2769a1b78a27578f13a17b -> 
  custom:container-demuxer-webm: 4f35f7cbe854078d1ac9338744f61a02 -> 
  custom:container-demuxer-ogg: 62fdf1f143b41e24485cea50d1cbac27 -> 
  custom:video-encoder-webm-vp8: eb34c28f22e8b96e1ab97ce403110664 -> 
  custom:video-decoder-webm-vp8: 9c59270c3fd7afecdb556c50c9e8de78 -> 
  custom:audio-decoder-ogg-vorbis: bf7c407c2cedff20999df2af8eb42d56 -> 
  custom:audio-encoder-webm-vorbis: bf7c407c2cedff20999df2af8eb42d56 -> 
AssetImportWorkerClient::OnTransportError - code=2 error=End of file
