Using pre-set license
Built from '2020.3/staging' branch; Version is '2020.3.17f1 (a4537701e4ab) revision 10769271'; Using compiler version '192528614'; Build Type 'Release'
OS: 'Windows 10 Enterprise; OS build 17763.1518; Version 1809; 64bit' Language: 'en' Physical Memory: 16235 MB
BatchMode: 1, IsHumanControllingUs: 0, StartBugReporterOnCrash: 0, Is64bit: 1, IsPro: 0

COMMAND LINE ARGUMENTS:
C:\Program Files\Unity\Hub\Editor\2020.3.17f1\Editor\Unity.exe
-adb2
-batchMode
-noUpm
-name
AssetImportWorker0
-projectPath
C:/Users/jspurlin/Documents/GitHub/Scripting-for-Game-Design-Midterm/Midterm Game
-logFile
Logs/AssetImportWorker0.log
-srvPort
51869
Successfully changed project path to: C:/Users/jspurlin/Documents/GitHub/Scripting-for-Game-Design-Midterm/Midterm Game
C:/Users/jspurlin/Documents/GitHub/Scripting-for-Game-Design-Midterm/Midterm Game
Using Asset Import Pipeline V2.
Refreshing native plugins compatible for Editor in 41.38 ms, found 2 plugins.
Preloading 0 native plugins for Editor in 0.00 ms.
Initialize engine version: 2020.3.17f1 (a4537701e4ab)
[Subsystems] Discovering subsystems at path C:/Program Files/Unity/Hub/Editor/2020.3.17f1/Editor/Data/Resources/UnitySubsystems
[Subsystems] Discovering subsystems at path C:/Users/jspurlin/Documents/GitHub/Scripting-for-Game-Design-Midterm/Midterm Game/Assets
GfxDevice: creating device client; threaded=0
Direct3D:
    Version:  Direct3D 11.0 [level 11.1]
    Renderer: NVIDIA Quadro P2000 (ID=0x1cba)
    Vendor:   
    VRAM:     4018 MB
    Driver:   27.21.14.5269
Initialize mono
Mono path[0] = 'C:/Program Files/Unity/Hub/Editor/2020.3.17f1/Editor/Data/Managed'
Mono path[1] = 'C:/Program Files/Unity/Hub/Editor/2020.3.17f1/Editor/Data/MonoBleedingEdge/lib/mono/unityjit'
Mono config path = 'C:/Program Files/Unity/Hub/Editor/2020.3.17f1/Editor/Data/MonoBleedingEdge/etc'
Using monoOptions --debugger-agent=transport=dt_socket,embedding=1,server=y,suspend=n,address=127.0.0.1:56804
Begin MonoManager ReloadAssembly
Registering precompiled unity dll's ...
Register platform support module: C:/Program Files/Unity/Hub/Editor/2020.3.17f1/Editor/Data/PlaybackEngines/WindowsStandaloneSupport/UnityEditor.WindowsStandalone.Extensions.dll
Registered in 0.003570 seconds.
Native extension for WindowsStandalone target not found
Refreshing native plugins compatible for Editor in 88.73 ms, found 2 plugins.
Preloading 0 native plugins for Editor in 0.00 ms.
Mono: successfully reloaded assembly
- Completed reload, in  2.902 seconds
Domain Reload Profiling:
	ReloadAssembly (2902ms)
		BeginReloadAssembly (99ms)
			ExecutionOrderSort (0ms)
			DisableScriptedObjects (0ms)
			BackupInstance (0ms)
			ReleaseScriptingObjects (0ms)
			CreateAndSetChildDomain (1ms)
		EndReloadAssembly (713ms)
			LoadAssemblies (95ms)
			RebuildTransferFunctionScriptingTraits (0ms)
			SetupTypeCache (237ms)
			ReleaseScriptCaches (0ms)
			RebuildScriptCaches (81ms)
			SetupLoadedEditorAssemblies (260ms)
				LogAssemblyErrors (0ms)
				InitializePlatformSupportModulesInManaged (10ms)
				SetLoadedEditorAssemblies (1ms)
				RefreshPlugins (89ms)
				BeforeProcessingInitializeOnLoad (21ms)
				ProcessInitializeOnLoadAttributes (99ms)
				ProcessInitializeOnLoadMethodAttributes (39ms)
				AfterProcessingInitializeOnLoad (0ms)
				EditorAssembliesLoaded (0ms)
			ExecutionOrderSort2 (0ms)
			AwakeInstancesAfterBackupRestoration (0ms)
Platform modules already initialized, skipping
Registering precompiled user dll's ...
Registered in 0.019205 seconds.
Begin MonoManager ReloadAssembly
Native extension for WindowsStandalone target not found
Refreshing native plugins compatible for Editor in 0.34 ms, found 2 plugins.
Preloading 0 native plugins for Editor in 0.00 ms.
Mono: successfully reloaded assembly
- Completed reload, in  1.897 seconds
Domain Reload Profiling:
	ReloadAssembly (1899ms)
		BeginReloadAssembly (235ms)
			ExecutionOrderSort (0ms)
			DisableScriptedObjects (14ms)
			BackupInstance (0ms)
			ReleaseScriptingObjects (0ms)
			CreateAndSetChildDomain (21ms)
		EndReloadAssembly (1588ms)
			LoadAssemblies (139ms)
			RebuildTransferFunctionScriptingTraits (0ms)
			SetupTypeCache (399ms)
			ReleaseScriptCaches (1ms)
			RebuildScriptCaches (102ms)
			SetupLoadedEditorAssemblies (769ms)
				LogAssemblyErrors (0ms)
				InitializePlatformSupportModulesInManaged (6ms)
				SetLoadedEditorAssemblies (1ms)
				RefreshPlugins (0ms)
				BeforeProcessingInitializeOnLoad (117ms)
				ProcessInitializeOnLoadAttributes (623ms)
				ProcessInitializeOnLoadMethodAttributes (8ms)
				AfterProcessingInitializeOnLoad (14ms)
				EditorAssembliesLoaded (0ms)
			ExecutionOrderSort2 (0ms)
			AwakeInstancesAfterBackupRestoration (12ms)
Platform modules already initialized, skipping
========================================================================
Worker process is ready to serve import requests
Launched and connected shader compiler UnityShaderCompiler.exe after 0.21 seconds
Refreshing native plugins compatible for Editor in 0.96 ms, found 2 plugins.
Preloading 0 native plugins for Editor in 0.00 ms.
Unloading 1400 Unused Serialized files (Serialized files now loaded: 0)
System memory in use before: 65.4 MB.
System memory in use after: 65.5 MB.

Unloading 18 unused Assets to reduce memory usage. Loaded Objects now: 1833.
Total: 6.593100 ms (FindLiveObjects: 0.319800 ms CreateObjectMapping: 0.111900 ms MarkObjects: 6.012100 ms  DeleteObjects: 0.146800 ms)

AssetImportParameters requested are different than current active one (requested -> active):
  custom:framework-win-MediaFoundation: 216162199b28c13a410421893ffa2e32 -> 
  custom:video-decoder-ogg-theora: a1e56fd34408186e4bbccfd4996cb3dc -> 
  custom:container-muxer-webm: aa71ff27fc2769a1b78a27578f13a17b -> 
  custom:container-demuxer-webm: 4f35f7cbe854078d1ac9338744f61a02 -> 
  custom:container-demuxer-ogg: 62fdf1f143b41e24485cea50d1cbac27 -> 
  custom:video-encoder-webm-vp8: eb34c28f22e8b96e1ab97ce403110664 -> 
  custom:video-decoder-webm-vp8: 9c59270c3fd7afecdb556c50c9e8de78 -> 
  custom:audio-decoder-ogg-vorbis: bf7c407c2cedff20999df2af8eb42d56 -> 
  custom:audio-encoder-webm-vorbis: bf7c407c2cedff20999df2af8eb42d56 -> 
========================================================================
Received Import Request.
  path: Assets/Scenes
  artifactKey: Guid(9be3879e44406634dba7ea3878cc50e0) Importer(815301076,1909f56bfc062723c751e8b465ee728b)
Start importing Assets/Scenes using Guid(9be3879e44406634dba7ea3878cc50e0) Importer(815301076,1909f56bfc062723c751e8b465ee728b)  -> (artifact id: 'c5b42ae878002e56c3ddf67fd53900cc') in 0.015929 seconds 
  Import took 0.021883 seconds .

========================================================================
Received Prepare
Refreshing native plugins compatible for Editor in 6.53 ms, found 2 plugins.
Preloading 0 native plugins for Editor in 0.00 ms.
Unloading 11 Unused Serialized files (Serialized files now loaded: 0)
System memory in use before: 37.3 MB.
System memory in use after: 37.4 MB.

Unloading 11 unused Assets to reduce memory usage. Loaded Objects now: 1833.
Total: 3.479700 ms (FindLiveObjects: 0.172200 ms CreateObjectMapping: 0.054200 ms MarkObjects: 3.237900 ms  DeleteObjects: 0.014400 ms)

AssetImportParameters requested are different than current active one (requested -> active):
  custom:framework-win-MediaFoundation: 216162199b28c13a410421893ffa2e32 -> 
  custom:video-decoder-ogg-theora: a1e56fd34408186e4bbccfd4996cb3dc -> 
  custom:container-muxer-webm: aa71ff27fc2769a1b78a27578f13a17b -> 
  custom:container-demuxer-webm: 4f35f7cbe854078d1ac9338744f61a02 -> 
  custom:container-demuxer-ogg: 62fdf1f143b41e24485cea50d1cbac27 -> 
  custom:video-encoder-webm-vp8: eb34c28f22e8b96e1ab97ce403110664 -> 
  custom:video-decoder-webm-vp8: 9c59270c3fd7afecdb556c50c9e8de78 -> 
  custom:audio-decoder-ogg-vorbis: bf7c407c2cedff20999df2af8eb42d56 -> 
  custom:audio-encoder-webm-vorbis: bf7c407c2cedff20999df2af8eb42d56 -> 
========================================================================
Received Import Request.
  Time since last request: 5.332724 seconds.
  path: Assets/Scenes/Main Menu.unity
  artifactKey: Guid(9e2d91369b6c36b4984dc4fb78a25b14) Importer(815301076,1909f56bfc062723c751e8b465ee728b)
Start importing Assets/Scenes/Main Menu.unity using Guid(9e2d91369b6c36b4984dc4fb78a25b14) Importer(815301076,1909f56bfc062723c751e8b465ee728b)  -> (artifact id: '178ea092860f75274e249e64b61d9a61') in 0.014328 seconds 
  Import took 0.017198 seconds .

========================================================================
Received Import Request.
  Time since last request: 20.957960 seconds.
  path: Assets/Scenes/End Screen.unity
  artifactKey: Guid(ff7ff6db5f3552e4e913023746fa159b) Importer(815301076,1909f56bfc062723c751e8b465ee728b)
Start importing Assets/Scenes/End Screen.unity using Guid(ff7ff6db5f3552e4e913023746fa159b) Importer(815301076,1909f56bfc062723c751e8b465ee728b)  -> (artifact id: '0d5e3607d027c7f1d15ce419f28cb888') in 0.007862 seconds 
  Import took 0.011098 seconds .

========================================================================
Received Import Request.
  Time since last request: 15.406899 seconds.
  path: Assets/Scenes/You Win!.unity
  artifactKey: Guid(0e946916a111e204f84947e3e3ea4610) Importer(815301076,1909f56bfc062723c751e8b465ee728b)
Start importing Assets/Scenes/You Win!.unity using Guid(0e946916a111e204f84947e3e3ea4610) Importer(815301076,1909f56bfc062723c751e8b465ee728b)  -> (artifact id: '16a884e5e60d8966267334106073dff4') in 0.020477 seconds 
  Import took 0.028785 seconds .

========================================================================
Received Import Request.
  Time since last request: 537.267489 seconds.
  path: Assets/Materials/Bamboo.mat
  artifactKey: Guid(c98fc01d4d317aa4c93134742936d141) Importer(815301076,1909f56bfc062723c751e8b465ee728b)
Start importing Assets/Materials/Bamboo.mat using Guid(c98fc01d4d317aa4c93134742936d141) Importer(815301076,1909f56bfc062723c751e8b465ee728b)  -> (artifact id: '456cab941da03787badc23afb37efe94') in 0.124164 seconds 
  Import took 0.126838 seconds .

========================================================================
Received Import Request.
  Time since last request: 0.000319 seconds.
  path: Assets/Materials/Grey.mat
  artifactKey: Guid(1d0b13ac8b9edd345a011dc74f63a13a) Importer(815301076,1909f56bfc062723c751e8b465ee728b)
Start importing Assets/Materials/Grey.mat using Guid(1d0b13ac8b9edd345a011dc74f63a13a) Importer(815301076,1909f56bfc062723c751e8b465ee728b)  -> (artifact id: '6caaa9a1c42a122c939168bce6359c90') in 0.012030 seconds 
  Import took 0.014212 seconds .

========================================================================
Received Import Request.
  Time since last request: 0.000307 seconds.
  path: Assets/Materials/Water.mat
  artifactKey: Guid(cb134b1e2de39bf4c94f9893eb01d98b) Importer(815301076,1909f56bfc062723c751e8b465ee728b)
Start importing Assets/Materials/Water.mat using Guid(cb134b1e2de39bf4c94f9893eb01d98b) Importer(815301076,1909f56bfc062723c751e8b465ee728b)  -> (artifact id: '82288e311c613b51a3e8cc1de7cfb3b7') in 0.030518 seconds 
  Import took 0.032840 seconds .

========================================================================
Received Import Request.
  Time since last request: 0.000319 seconds.
  path: Assets/Materials/Black.mat
  artifactKey: Guid(ff4bdb3b791068448b7a00c6e6b1dcc9) Importer(815301076,1909f56bfc062723c751e8b465ee728b)
Start importing Assets/Materials/Black.mat using Guid(ff4bdb3b791068448b7a00c6e6b1dcc9) Importer(815301076,1909f56bfc062723c751e8b465ee728b)  -> (artifact id: '69cd4e6752ff2aa9dc448097dea8a7b9') in 0.024110 seconds 
  Import took 0.026425 seconds .

========================================================================
Received Import Request.
  Time since last request: 7.554439 seconds.
  path: Assets/Scenes/Game.unity
  artifactKey: Guid(9fc0d4010bbf28b4594072e72b8655ab) Importer(815301076,1909f56bfc062723c751e8b465ee728b)
Start importing Assets/Scenes/Game.unity using Guid(9fc0d4010bbf28b4594072e72b8655ab) Importer(815301076,1909f56bfc062723c751e8b465ee728b)  -> (artifact id: '639bd46e589a14b879e96e41f5873804') in 0.005803 seconds 
  Import took 0.009160 seconds .

========================================================================
Received Import Request.
  Time since last request: 0.002933 seconds.
  path: Assets/Scenes/Game.unity
  artifactKey: Guid(9fc0d4010bbf28b4594072e72b8655ab) Importer(815301076,1909f56bfc062723c751e8b465ee728b)
Start importing Assets/Scenes/Game.unity using Guid(9fc0d4010bbf28b4594072e72b8655ab) Importer(815301076,1909f56bfc062723c751e8b465ee728b)  -> (artifact id: '639bd46e589a14b879e96e41f5873804') in 0.003860 seconds 
  Import took 0.006423 seconds .

========================================================================
Received Import Request.
  Time since last request: 723.144606 seconds.
  path: Assets/Models/Bamboo_003.fbx
  artifactKey: Guid(b7cd315ce934e964a9113a3c34b4ea4e) Importer(815301076,1909f56bfc062723c751e8b465ee728b)
Start importing Assets/Models/Bamboo_003.fbx using Guid(b7cd315ce934e964a9113a3c34b4ea4e) Importer(815301076,1909f56bfc062723c751e8b465ee728b)  -> (artifact id: 'c0b5218853154701cab4e096d1d6ace6') in 0.055697 seconds 
  Import took 0.058490 seconds .

========================================================================
Received Import Request.
  Time since last request: 0.000342 seconds.
  path: Assets/Models/Small_Torii_Gate.obj
  artifactKey: Guid(65e8b530d034dfe40a2847d5b24a0ef5) Importer(815301076,1909f56bfc062723c751e8b465ee728b)
Start importing Assets/Models/Small_Torii_Gate.obj using Guid(65e8b530d034dfe40a2847d5b24a0ef5) Importer(815301076,1909f56bfc062723c751e8b465ee728b)  -> (artifact id: 'd4e2cb50416a354c1ac846cf144b93e4') in 0.045279 seconds 
  Import took 0.047504 seconds .

========================================================================
Received Import Request.
  Time since last request: 0.000337 seconds.
  path: Assets/Models/Big_Torii_Gate.obj
  artifactKey: Guid(a3e770ea1eed80e4c894fc6034466b35) Importer(815301076,1909f56bfc062723c751e8b465ee728b)
Start importing Assets/Models/Big_Torii_Gate.obj using Guid(a3e770ea1eed80e4c894fc6034466b35) Importer(815301076,1909f56bfc062723c751e8b465ee728b)  -> (artifact id: '198ea70dd7c5e3f41e8e316b03d776a5') in 0.033865 seconds 
  Import took 0.036291 seconds .

AssetImportWorkerClient::OnTransportError - code=2 error=End of file
